[debug] [2024-02-29T13:16:22.178Z] ----------------------------------------------------------------------
[debug] [2024-02-29T13:16:22.181Z] Command:       C:\Program Files\nodejs\node.exe C:\Users\User\AppData\Roaming\npm\node_modules\firebase-tools\lib\bin\firebase.js init
[debug] [2024-02-29T13:16:22.182Z] CLI Version:   13.4.0
[debug] [2024-02-29T13:16:22.182Z] Platform:      win32
[debug] [2024-02-29T13:16:22.182Z] Node Version:  v20.8.1
[debug] [2024-02-29T13:16:22.182Z] Time:          Thu Feb 29 2024 15:16:22 GMT+0200 (Central Africa Time)
[debug] [2024-02-29T13:16:22.182Z] ----------------------------------------------------------------------
[debug] 
[debug] [2024-02-29T13:16:22.191Z] > command requires scopes: ["email","openid","https://www.googleapis.com/auth/cloudplatformprojects.readonly","https://www.googleapis.com/auth/firebase","https://www.googleapis.com/auth/cloud-platform"]
[debug] [2024-02-29T13:16:22.191Z] > authorizing via signed-in user (lauracaura888@gmail.com)
[info] 
     ######## #### ########  ######## ########     ###     ######  ########
     ##        ##  ##     ## ##       ##     ##  ##   ##  ##       ##
     ######    ##  ########  ######   ########  #########  ######  ######
     ##        ##  ##    ##  ##       ##     ## ##     ##       ## ##
     ##       #### ##     ## ######## ########  ##     ##  ######  ########

You're about to initialize a Firebase project in this directory:

  C:\Users\User\Documents\w o r k _ s h i t\LOTS Apprenticeship\Avatar Caura To Do App\avatar-caura-todo

[info] 
=== Project Setup
[info] 
[info] First, let's associate this project directory with a Firebase project.
[info] You can create multiple project aliases by running firebase use --add, 
[info] but for now we'll just set up a default project.
[info] 
[debug] [2024-02-29T13:18:02.643Z] >>> [apiv2][query] GET https://firebase.googleapis.com/v1beta1/projects pageSize=100
[debug] [2024-02-29T13:18:03.713Z] <<< [apiv2][status] GET https://firebase.googleapis.com/v1beta1/projects 200
[debug] [2024-02-29T13:18:03.713Z] <<< [apiv2][body] GET https://firebase.googleapis.com/v1beta1/projects [omitted]
[info] i  Using project avatar-caura-todo (avatar-caura-todo) 
[info] 
=== Hosting Setup
[debug] [2024-02-29T13:18:09.014Z] >>> [apiv2][query] GET https://firebase.googleapis.com/v1beta1/projects/avatar-caura-todo [none]
[debug] [2024-02-29T13:18:09.755Z] <<< [apiv2][status] GET https://firebase.googleapis.com/v1beta1/projects/avatar-caura-todo 200
[debug] [2024-02-29T13:18:09.755Z] <<< [apiv2][body] GET https://firebase.googleapis.com/v1beta1/projects/avatar-caura-todo {"projectId":"avatar-caura-todo","projectNumber":"1048400757701","displayName":"avatar-caura-todo","name":"projects/avatar-caura-todo","resources":{"hostingSite":"avatar-caura-todo"},"state":"ACTIVE","etag":"1_25e216d3-4644-424d-88d6-51373281eec4"}
[info] 
[info] Your public directory is the folder (relative to your project directory) that
[info] will contain Hosting assets to be uploaded with firebase deploy. If you
[info] have a build process for your assets, use your build's output directory.
[info] 
[debug] [2024-02-29T13:19:58.745Z] >>> [apiv2][query] GET https://www.gstatic.com/firebasejs/releases.json [none]
[debug] [2024-02-29T13:19:59.339Z] <<< [apiv2][status] GET https://www.gstatic.com/firebasejs/releases.json 200
[debug] [2024-02-29T13:19:59.340Z] <<< [apiv2][body] GET https://www.gstatic.com/firebasejs/releases.json {"current":{"version":"10.8.1","browserURL":"https://www.gstatic.com/firebasejs/10.8.1/firebase.js","packageURL":"https://www.gstatic.com/firebasejs/10.8.1/firebase.tgz"},"live":{"version":"10.8","browserURL":"https://www.gstatic.com/firebasejs/live/10.8/firebase.js","packageURL":"https://www.gstatic.com/firebasejs/live/10.8/firebase.tgz"},"components":{"analytics":"https://www.gstatic.com/firebasejs/10.8.1/firebase-analytics.js","app":"https://www.gstatic.com/firebasejs/10.8.1/firebase-app.js","app-check":"https://www.gstatic.com/firebasejs/10.8.1/firebase-app-check.js","auth":"https://www.gstatic.com/firebasejs/10.8.1/firebase-auth.js","auth/cordova":"https://www.gstatic.com/firebasejs/10.8.1/firebase-auth/cordova.js","auth/web-extension":"https://www.gstatic.com/firebasejs/10.8.1/firebase-auth/web-extension.js","functions":"https://www.gstatic.com/firebasejs/10.8.1/firebase-functions.js","firestore":"https://www.gstatic.com/firebasejs/10.8.1/firebase-firestore.js","firestore/lite":"https://www.gstatic.com/firebasejs/10.8.1/firebase-firestore/lite.js","installations":"https://www.gstatic.com/firebasejs/10.8.1/firebase-installations.js","storage":"https://www.gstatic.com/firebasejs/10.8.1/firebase-storage.js","performance":"https://www.gstatic.com/firebasejs/10.8.1/firebase-performance.js","remote-config":"https://www.gstatic.com/firebasejs/10.8.1/firebase-remote-config.js","messaging":"https://www.gstatic.com/firebasejs/10.8.1/firebase-messaging.js","messaging/sw":"https://www.gstatic.com/firebasejs/10.8.1/firebase-messaging/sw.js","database":"https://www.gstatic.com/firebasejs/10.8.1/firebase-database.js","firestore.memory":"https://www.gstatic.com/firebasejs/10.8.1/firebase-firestore.memory.js"}}
[info] +  Wrote public/index.html 
[info] 
[info] i  Detected a .git folder at C:\Users\User\Documents\w o r k _ s h i t\LOTS Apprenticeship\Avatar Caura To Do App\avatar-caura-todo 
[info] i  Authorizing with GitHub to upload your service account to a GitHub repository's secrets store. 
[info] 
[info] Visit this URL on this device to log in:
[info] https://github.com/login/oauth/authorize?client_id=89cf50f02ac6aaed3484&state=533033145&redirect_uri=http%3A%2F%2Flocalhost%3A9005&scope=read%3Auser%20repo%20public_repo
[info] 
[info] Waiting for authentication...
[debug] [2024-02-29T13:20:54.719Z] >>> [apiv2][query] POST https://github.com/login/oauth/access_token [none]
[debug] [2024-02-29T13:20:54.719Z] >>> [apiv2][body] POST https://github.com/login/oauth/access_token [stream]
[debug] [2024-02-29T13:20:55.334Z] <<< [apiv2][status] POST https://github.com/login/oauth/access_token 200
[debug] [2024-02-29T13:20:55.334Z] <<< [apiv2][body] POST https://github.com/login/oauth/access_token {"access_token":"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","token_type":"bearer","scope":"read:user,repo"}
[debug] [2024-02-29T13:20:55.355Z] >>> [apiv2][query] GET https://api.github.com/user [none]
[debug] [2024-02-29T13:20:56.023Z] <<< [apiv2][status] GET https://api.github.com/user 200
[debug] [2024-02-29T13:20:56.024Z] <<< [apiv2][body] GET https://api.github.com/user {"login":"CauraTheAvatar","id":135211841,"node_id":"U_kgDOCA8rQQ","avatar_url":"https://avatars.githubusercontent.com/u/135211841?v=4","gravatar_id":"","url":"https://api.github.com/users/CauraTheAvatar","html_url":"https://github.com/CauraTheAvatar","followers_url":"https://api.github.com/users/CauraTheAvatar/followers","following_url":"https://api.github.com/users/CauraTheAvatar/following{/other_user}","gists_url":"https://api.github.com/users/CauraTheAvatar/gists{/gist_id}","starred_url":"https://api.github.com/users/CauraTheAvatar/starred{/owner}{/repo}","subscriptions_url":"https://api.github.com/users/CauraTheAvatar/subscriptions","organizations_url":"https://api.github.com/users/CauraTheAvatar/orgs","repos_url":"https://api.github.com/users/CauraTheAvatar/repos","events_url":"https://api.github.com/users/CauraTheAvatar/events{/privacy}","received_events_url":"https://api.github.com/users/CauraTheAvatar/received_events","type":"User","site_admin":false,"name":"Laura Conceicao","company":null,"blog":"","location":null,"email":null,"hireable":null,"bio":"A Computer Science Undergraduate at the Namibia University of Science & Technology, specializing in Software Development","twitter_username":null,"public_repos":2,"public_gists":0,"followers":0,"following":0,"created_at":"2023-06-01T08:01:16Z","updated_at":"2024-02-16T09:17:07Z","private_gists":0,"total_private_repos":4,"owned_private_repos":4,"disk_usage":22053,"collaborators":0,"two_factor_authentication":false,"plan":{"name":"free","space":976562499,"collaborators":0,"private_repos":10000}}
[info] 
[info] +  Success! Logged into GitHub as CauraTheAvatar 
[info] 
[debug] [2024-02-29T13:22:42.619Z] >>> [apiv2][query] GET https://api.github.com/repos/CauraTheAvatar/avatar-caura-duties.git/actions/secrets/public-key type=owner
[debug] [2024-02-29T13:22:43.251Z] <<< [apiv2][status] GET https://api.github.com/repos/CauraTheAvatar/avatar-caura-duties.git/actions/secrets/public-key 404
[debug] [2024-02-29T13:22:43.251Z] <<< [apiv2][body] GET https://api.github.com/repos/CauraTheAvatar/avatar-caura-duties.git/actions/secrets/public-key {"message":"Not Found","documentation_url":"https://docs.github.com/rest/actions/secrets#get-a-repository-public-key"}
[info] 
[info] 
[error] !  The provided authorization cannot be used with this repository. If this repository is in an organization, did you remember to grant access? 
[info] 
[info] i  Action required: Visit this URL to ensure access has been granted to the appropriate organization(s) for the Firebase CLI GitHub OAuth App: 
[info] https://github.com/settings/connections/applications/89cf50f02ac6aaed3484
[info] 
[debug] [2024-02-29T13:23:47.830Z] >>> [apiv2][query] GET https://api.github.com/repos/CauraTheAvatar/avatar-caura-duties.git/actions/secrets/public-key type=owner
[debug] [2024-02-29T13:23:48.491Z] <<< [apiv2][status] GET https://api.github.com/repos/CauraTheAvatar/avatar-caura-duties.git/actions/secrets/public-key 404
[debug] [2024-02-29T13:23:48.492Z] <<< [apiv2][body] GET https://api.github.com/repos/CauraTheAvatar/avatar-caura-duties.git/actions/secrets/public-key {"message":"Not Found","documentation_url":"https://docs.github.com/rest/actions/secrets#get-a-repository-public-key"}
[info] 
[info] 
[error] !  The provided authorization cannot be used with this repository. If this repository is in an organization, did you remember to grant access? 
[info] 
[info] i  Action required: Visit this URL to ensure access has been granted to the appropriate organization(s) for the Firebase CLI GitHub OAuth App: 
[info] https://github.com/settings/connections/applications/89cf50f02ac6aaed3484
[info] 
[debug] [2024-02-29T13:56:02.345Z] >>> [apiv2][query] GET https://api.github.com/repos/CauraTheAvatar/avatar-caura-duties.git/actions/secrets/public-key type=owner
[debug] [2024-02-29T13:56:02.978Z] <<< [apiv2][status] GET https://api.github.com/repos/CauraTheAvatar/avatar-caura-duties.git/actions/secrets/public-key 404
[debug] [2024-02-29T13:56:02.978Z] <<< [apiv2][body] GET https://api.github.com/repos/CauraTheAvatar/avatar-caura-duties.git/actions/secrets/public-key {"message":"Not Found","documentation_url":"https://docs.github.com/rest/actions/secrets#get-a-repository-public-key"}
[info] 
[info] 
[error] !  The provided authorization cannot be used with this repository. If this repository is in an organization, did you remember to grant access? 
[info] 
[info] i  Action required: Visit this URL to ensure access has been granted to the appropriate organization(s) for the Firebase CLI GitHub OAuth App: 
[info] https://github.com/settings/connections/applications/89cf50f02ac6aaed3484
[info] 
[debug] [2024-02-29T13:58:33.073Z] >>> [apiv2][query] GET https://api.github.com/repos/CauraTheAvatar/avatar-caura-duties.git/actions/secrets/public-key type=owner
[debug] [2024-02-29T13:58:33.714Z] <<< [apiv2][status] GET https://api.github.com/repos/CauraTheAvatar/avatar-caura-duties.git/actions/secrets/public-key 404
[debug] [2024-02-29T13:58:33.715Z] <<< [apiv2][body] GET https://api.github.com/repos/CauraTheAvatar/avatar-caura-duties.git/actions/secrets/public-key {"message":"Not Found","documentation_url":"https://docs.github.com/rest/actions/secrets#get-a-repository-public-key"}
[info] 
[info] 
[error] !  The provided authorization cannot be used with this repository. If this repository is in an organization, did you remember to grant access? 
[info] 
[info] i  Action required: Visit this URL to ensure access has been granted to the appropriate organization(s) for the Firebase CLI GitHub OAuth App: 
[info] https://github.com/settings/connections/applications/89cf50f02ac6aaed3484
[info] 
[debug] [2024-02-29T13:59:01.105Z] >>> [apiv2][query] GET https://api.github.com/repos/CauraTheAvatar/avatar-caura-duties.git/actions/secrets/public-key type=owner
[debug] [2024-02-29T13:59:01.668Z] <<< [apiv2][status] GET https://api.github.com/repos/CauraTheAvatar/avatar-caura-duties.git/actions/secrets/public-key 401
[debug] [2024-02-29T13:59:01.668Z] <<< [apiv2][body] GET https://api.github.com/repos/CauraTheAvatar/avatar-caura-duties.git/actions/secrets/public-key {"message":"Bad credentials","documentation_url":"https://docs.github.com/rest"}
[debug] [2024-02-29T13:59:05.500Z] >>> [apiv2][query] GET https://api.github.com/repos/CauraTheAvatar/avatar-caura-duties.git/actions/secrets/public-key type=owner
[debug] [2024-02-29T13:59:05.892Z] <<< [apiv2][status] GET https://api.github.com/repos/CauraTheAvatar/avatar-caura-duties.git/actions/secrets/public-key 401
[debug] [2024-02-29T13:59:05.892Z] <<< [apiv2][body] GET https://api.github.com/repos/CauraTheAvatar/avatar-caura-duties.git/actions/secrets/public-key {"message":"Bad credentials","documentation_url":"https://docs.github.com/rest"}
[debug] [2024-02-29T13:59:21.937Z] >>> [apiv2][query] GET https://api.github.com/repos/CauraTheAvatar/avatar-caura-duties.gitNew-Item -ItemType SymbolicLink -Target "C:\Users\User\Documents\w o r k _ s h i t\LOTS Apprenticeship\Avatar Caura To Do App\avatar-caura-todo\public\App.tsx" -Path "C:\Users\User\Documents\w o r k _ s h i t\LOTS Apprenticeship\Avatar Caura To Do App\avatar-caura-todo\node_modules\App.tsx"/actions/secrets/public-key type=owner
[debug] [2024-02-29T13:59:22.487Z] <<< [apiv2][status] GET https://api.github.com/repos/CauraTheAvatar/avatar-caura-duties.gitNew-Item -ItemType SymbolicLink -Target "C:\Users\User\Documents\w o r k _ s h i t\LOTS Apprenticeship\Avatar Caura To Do App\avatar-caura-todo\public\App.tsx" -Path "C:\Users\User\Documents\w o r k _ s h i t\LOTS Apprenticeship\Avatar Caura To Do App\avatar-caura-todo\node_modules\App.tsx"/actions/secrets/public-key 401
[debug] [2024-02-29T13:59:22.487Z] <<< [apiv2][body] GET https://api.github.com/repos/CauraTheAvatar/avatar-caura-duties.gitNew-Item -ItemType SymbolicLink -Target "C:\Users\User\Documents\w o r k _ s h i t\LOTS Apprenticeship\Avatar Caura To Do App\avatar-caura-todo\public\App.tsx" -Path "C:\Users\User\Documents\w o r k _ s h i t\LOTS Apprenticeship\Avatar Caura To Do App\avatar-caura-todo\node_modules\App.tsx"/actions/secrets/public-key {"message":"Bad credentials","documentation_url":"https://docs.github.com/rest"}
